\BOOKMARK [1][-]{section.1}{\376\377\000I\000n\000t\000r\000o\000d\000u\000c\000t\000i\000o\000n}{}% 1
\BOOKMARK [1][-]{section.2}{\376\377\000R\000e\000l\000a\000t\000e\000d\000\040\000W\000o\000r\000k}{}% 2
\BOOKMARK [1][-]{section.3}{\376\377\000M\000e\000t\000h\000o\000d\000:\000\040\000S\000W\000A\000-\000P\000T\000I\000S}{}% 3
\BOOKMARK [2][-]{subsection.3.1}{\376\377\000P\000r\000o\000b\000l\000e\000m\000\040\000F\000o\000r\000m\000u\000l\000a\000t\000i\000o\000n}{section.3}% 4
\BOOKMARK [2][-]{subsection.3.2}{\376\377\000C\000u\000l\000t\000u\000r\000a\000l\000\040\000P\000e\000r\000s\000o\000n\000a\000\040\000C\000o\000n\000s\000t\000r\000u\000c\000t\000i\000o\000n}{section.3}% 5
\BOOKMARK [2][-]{subsection.3.3}{\376\377\000B\000a\000t\000c\000h\000e\000d\000\040\000E\000v\000a\000l\000u\000a\000t\000i\000o\000n\000\040\000a\000n\000d\000\040\000L\000o\000g\000i\000t\000\040\000E\000x\000t\000r\000a\000c\000t\000i\000o\000n}{section.3}% 6
\BOOKMARK [2][-]{subsection.3.4}{\376\377\000P\000e\000r\000s\000o\000n\000a\000\040\000D\000i\000s\000a\000g\000r\000e\000e\000m\000e\000n\000t\000\040\000M\000o\000n\000i\000t\000o\000r\000i\000n\000g}{section.3}% 7
\BOOKMARK [2][-]{subsection.3.5}{\376\377\000P\000r\000o\000s\000p\000e\000c\000t\000-\000T\000h\000e\000o\000r\000y\000\040\000I\000m\000p\000o\000r\000t\000a\000n\000c\000e\000\040\000S\000a\000m\000p\000l\000i\000n\000g\000\040\000\050\000K\000L\000-\000I\000S\000\051}{section.3}% 8
\BOOKMARK [2][-]{subsection.3.6}{\376\377\000P\000o\000s\000i\000t\000i\000o\000n\000a\000l\000\040\000D\000e\000b\000i\000a\000s\000i\000n\000g\000\040\000a\000n\000d\000\040\000F\000i\000n\000a\000l\000\040\000P\000r\000e\000d\000i\000c\000t\000i\000o\000n}{section.3}% 9
\BOOKMARK [1][-]{section.4}{\376\377\000E\000x\000p\000e\000r\000i\000m\000e\000n\000t\000a\000l\000\040\000S\000e\000t\000u\000p}{}% 10
\BOOKMARK [2][-]{subsection.4.1}{\376\377\000D\000a\000t\000a\000s\000e\000t}{section.4}% 11
\BOOKMARK [2][-]{subsection.4.2}{\376\377\000M\000o\000d\000e\000l\000s}{section.4}% 12
\BOOKMARK [2][-]{subsection.4.3}{\376\377\000B\000a\000s\000e\000l\000i\000n\000e\000s\000\040\000a\000n\000d\000\040\000m\000e\000t\000r\000i\000c\000s}{section.4}% 13
\BOOKMARK [1][-]{section.5}{\376\377\000R\000e\000s\000u\000l\000t\000s}{}% 14
\BOOKMARK [2][-]{subsection.5.1}{\376\377\000C\000r\000o\000s\000s\000-\000M\000o\000d\000e\000l\000\040\000C\000o\000m\000p\000a\000r\000i\000s\000o\000n}{section.5}% 15
\BOOKMARK [2][-]{subsection.5.2}{\376\377\000B\000a\000s\000e\000l\000i\000n\000e\000\040\000C\000o\000m\000p\000a\000r\000i\000s\000o\000n\000\040\000o\000n\000\040\000L\000l\000a\000m\000a\000-\0003\000.\0001\000-\0007\0000\000B}{section.5}% 16
\BOOKMARK [2][-]{subsection.5.3}{\376\377\000P\000e\000r\000-\000C\000o\000u\000n\000t\000r\000y\000\040\000R\000e\000s\000u\000l\000t\000s\000\040\000A\000c\000r\000o\000s\000s\000\040\000M\000o\000d\000e\000l\000s}{section.5}% 17
\BOOKMARK [2][-]{subsection.5.4}{\376\377\000R\000o\000b\000u\000s\000t\000n\000e\000s\000s\000\040\000S\000u\000i\000t\000e\000\040\000a\000t\000\040\000a\000\040\000G\000l\000a\000n\000c\000e}{section.5}% 18
\BOOKMARK [1][-]{section.6}{\376\377\000A\000b\000l\000a\000t\000i\000o\000n\000\040\000S\000t\000u\000d\000y}{}% 19
\BOOKMARK [1][-]{section.7}{\376\377\000D\000i\000s\000c\000u\000s\000s\000i\000o\000n}{}% 20
\BOOKMARK [1][-]{section.8}{\376\377\000C\000o\000n\000c\000l\000u\000s\000i\000o\000n}{}% 21
\BOOKMARK [1][-]{appendix.A}{\376\377\000A\000M\000C\000E\000\040\000E\000s\000t\000i\000m\000a\000t\000i\000o\000n\000\040\000D\000e\000t\000a\000i\000l\000s}{}% 22
\BOOKMARK [1][-]{appendix.B}{\376\377\000P\000e\000r\000s\000o\000n\000a\000\040\000C\000o\000n\000s\000t\000r\000u\000c\000t\000i\000o\000n\000\040\000D\000e\000t\000a\000i\000l\000s}{}% 23
\BOOKMARK [2][-]{subsection.B.1}{\376\377\000E\000x\000a\000m\000p\000l\000e\000\040\000P\000e\000r\000s\000o\000n\000a\000s}{appendix.B}% 24
\BOOKMARK [2][-]{subsection.B.2}{\376\377\000W\000V\000S\000\040\000D\000a\000t\000a\000\040\000P\000r\000o\000c\000e\000s\000s\000i\000n\000g\000\040\000P\000i\000p\000e\000l\000i\000n\000e}{appendix.B}% 25
\BOOKMARK [2][-]{subsection.B.3}{\376\377\000W\000V\000S\000-\000t\000o\000-\000T\000r\000o\000l\000l\000e\000y\000\040\000D\000i\000m\000e\000n\000s\000i\000o\000n\000\040\000L\000i\000n\000k\000a\000g\000e}{appendix.B}% 26
\BOOKMARK [1][-]{appendix.C}{\376\377\000T\000h\000e\000o\000r\000e\000t\000i\000c\000a\000l\000\040\000J\000u\000s\000t\000i\000f\000i\000c\000a\000t\000i\000o\000n\000:\000\040\0001\000-\000S\000t\000e\000p\000\040\000I\000S\000\040\000a\000s\000\040\000K\000L\000-\000I\000S}{}% 27
\BOOKMARK [2][-]{subsection.C.1}{\376\377\000W\000h\000y\000\040\0001\000-\000S\000t\000e\000p\000\040\000M\000P\000P\000I\000\040\000D\000e\000g\000e\000n\000e\000r\000a\000t\000e\000s\000\040\000t\000o\000\040\000K\000L\000-\000R\000e\000g\000u\000l\000a\000r\000i\000s\000e\000d\000\040\000I\000m\000p\000o\000r\000t\000a\000n\000c\000e\000\040\000S\000a\000m\000p\000l\000i\000n\000g}{appendix.C}% 28
\BOOKMARK [2][-]{subsection.C.2}{\376\377\000K\000L\000\040\000T\000e\000r\000m\000:\000\040\000L\000o\000g\000\040\000I\000m\000p\000o\000r\000t\000a\000n\000c\000e\000\040\000R\000a\000t\000i\000o\000,\000\040\000N\000o\000t\000\040\000D\000i\000s\000t\000r\000i\000b\000u\000t\000i\000o\000n\000a\000l\000\040\000K\000L}{appendix.C}% 29
\BOOKMARK [2][-]{subsection.C.3}{\376\377\000C\000o\000m\000p\000a\000r\000i\000s\000o\000n\000\040\000w\000i\000t\000h\000\040\000S\000i\000m\000p\000l\000e\000r\000\040\000A\000l\000t\000e\000r\000n\000a\000t\000i\000v\000e\000s}{appendix.C}% 30
\BOOKMARK [2][-]{subsection.C.4}{\376\377\000P\000o\000s\000i\000t\000i\000o\000n\000a\000l\000\040\000D\000e\000b\000i\000a\000s\000i\000n\000g\000:\000\040\000I\000m\000p\000l\000e\000m\000e\000n\000t\000a\000t\000i\000o\000n\000\040\000D\000e\000t\000a\000i\000l}{appendix.C}% 31
\BOOKMARK [1][-]{appendix.D}{\376\377\000H\000y\000p\000e\000r\000p\000a\000r\000a\000m\000e\000t\000e\000r\000\040\000V\000a\000l\000i\000d\000a\000t\000i\000o\000n}{}% 32
\BOOKMARK [1][-]{appendix.E}{\376\377\000T\000e\000m\000p\000e\000r\000a\000t\000u\000r\000e\000\040\000S\000e\000n\000s\000i\000t\000i\000v\000i\000t\000y}{}% 33
\BOOKMARK [1][-]{appendix.F}{\376\377\000D\000a\000t\000a\000s\000e\000t\000\040\000P\000r\000e\000p\000r\000o\000c\000e\000s\000s\000i\000n\000g\000\040\000a\000n\000d\000\040\000S\000e\000n\000s\000i\000t\000i\000v\000i\000t\000y}{}% 34
\BOOKMARK [1][-]{appendix.G}{\376\377\000H\000e\000l\000d\000-\000O\000u\000t\000\040\000\040\000C\000a\000l\000i\000b\000r\000a\000t\000i\000o\000n}{}% 35
\BOOKMARK [1][-]{appendix.H}{\376\377\000C\000r\000o\000s\000s\000-\000L\000i\000n\000g\000u\000a\000l\000\040\000T\000o\000k\000e\000n\000\040\000E\000l\000i\000c\000i\000t\000a\000t\000i\000o\000n}{}% 36
\BOOKMARK [1][-]{appendix.I}{\376\377\000B\000a\000s\000e\000l\000i\000n\000e\000\040\000I\000m\000p\000l\000e\000m\000e\000n\000t\000a\000t\000i\000o\000n\000\040\000D\000e\000t\000a\000i\000l\000s}{}% 37
\BOOKMARK [2][-]{subsection.I.1}{\376\377\000A\000c\000t\000i\000v\000a\000t\000i\000o\000n\000\040\000S\000t\000e\000e\000r\000i\000n\000g}{appendix.I}% 38
\BOOKMARK [2][-]{subsection.I.2}{\376\377\000A\000R\000G\000S\000\040\000a\000n\000d\000\040\000C\000o\000n\000t\000r\000o\000l\000l\000e\000d\000\040\000D\000e\000c\000o\000d\000i\000n\000g\000:\000\040\000f\000r\000o\000m\000\040\000I\000n\000c\000o\000m\000p\000a\000t\000i\000b\000l\000e\000\040\000t\000o\000\040\000R\000e\000f\000o\000r\000m\000u\000l\000a\000t\000e\000d}{appendix.I}% 39
\BOOKMARK [1][-]{appendix.J}{\376\377\000D\000e\000t\000a\000i\000l\000e\000d\000\040\000A\000b\000l\000a\000t\000i\000o\000n\000\040\000A\000n\000a\000l\000y\000s\000i\000s}{}% 40
\BOOKMARK [1][-]{appendix.K}{\376\377\000T\000r\000i\000g\000g\000e\000r\000\040\000M\000e\000c\000h\000a\000n\000i\000s\000m\000\040\000a\000n\000d\000\040\000L\000a\000t\000e\000n\000c\000y}{}% 41
\BOOKMARK [1][-]{appendix.L}{\376\377\000G\000e\000r\000m\000a\000n\000y\000\040\000P\000e\000a\000r\000s\000o\000n\000\040\000r\000\040\000A\000n\000a\000l\000y\000s\000i\000s}{}% 42
\BOOKMARK [1][-]{appendix.M}{\376\377\000P\000e\000r\000-\000C\000o\000u\000n\000t\000r\000y\000\040\000R\000e\000s\000u\000l\000t\000s\000\040\000f\000o\000r\000\040\000A\000l\000l\000\040\000M\000o\000d\000e\000l\000s}{}% 43
\BOOKMARK [1][-]{appendix.N}{\376\377\000C\000o\000n\000s\000e\000n\000s\000u\000s\000-\000S\000h\000i\000f\000t\000\040\000B\000a\000s\000e\000l\000i\000n\000e\000s}{}% 44
\BOOKMARK [1][-]{appendix.O}{\376\377\000B\000i\000n\000a\000r\000y\000-\000A\000R\000G\000S\000\040\000R\000e\000w\000a\000r\000d\000-\000G\000u\000i\000d\000e\000d\000\040\000D\000e\000c\000o\000d\000i\000n\000g}{}% 45
\BOOKMARK [1][-]{appendix.P}{\376\377\000E\000n\000t\000r\000o\000p\000y\000-\000A\000w\000a\000r\000e\000\040\000A\000d\000a\000p\000t\000i\000v\000e\000\040\000\040\000f\000o\000r\000\040\000Q\000w\000e\000n\0002\000.\0005\000-\0003\0002\000B}{}% 46
\BOOKMARK [1][-]{appendix.Q}{\376\377\000E\000x\000t\000e\000n\000d\000e\000d\000\040\000C\000o\000u\000n\000t\000r\000y\000\040\000P\000i\000p\000e\000l\000i\000n\000e\000\040\000R\000u\000n\000\040\000\050\000E\000n\000g\000i\000n\000e\000e\000r\000i\000n\000g\000\040\000C\000h\000e\000c\000k\000\051}{}% 47
\BOOKMARK [1][-]{appendix.R}{\376\377\000E\000x\000t\000e\000n\000d\000e\000d\000\040\000L\000i\000m\000i\000t\000a\000t\000i\000o\000n\000s}{}% 48
